<?xml version="1.0" encoding="UTF-8"?>
<testng-results skipped="0" failed="0" ignored="0" total="1" passed="1">
  <reporter-output>
  </reporter-output>
  <suite name="Default suite" duration-ms="35073" started-at="2018-11-26T10:57:22Z" finished-at="2018-11-26T10:57:57Z">
    <groups>
    </groups>
    <test name="Default test" duration-ms="35073" started-at="2018-11-26T10:57:22Z" finished-at="2018-11-26T10:57:57Z">
      <class name="com.qa.amazon.testcases.LoginPageTestFlow1">
        <test-method status="PASS" signature="setUp()[pri:0, instance:com.qa.amazon.testcases.LoginPageTestFlow1@4cf777e8]" name="setUp" is-config="true" duration-ms="17805" started-at="2018-11-26T16:27:22Z" finished-at="2018-11-26T16:27:40Z">
          <reporter-output>
          </reporter-output>
        </test-method> <!-- setUp -->
        <test-method status="PASS" signature="searchResultPageTestFlow1()[pri:1, instance:com.qa.amazon.testcases.LoginPageTestFlow1@4cf777e8]" name="searchResultPageTestFlow1" duration-ms="17234" started-at="2018-11-26T16:27:40Z" finished-at="2018-11-26T16:27:57Z">
          <reporter-output>
          </reporter-output>
        </test-method> <!-- searchResultPageTestFlow1 -->
      </class> <!-- com.qa.amazon.testcases.LoginPageTestFlow1 -->
    </test> <!-- Default test -->
  </suite> <!-- Default suite -->
</testng-results>
